2017-11-19 18:43:25,249 INFO  [Log] **************************************************************************************** 
2017-11-19 18:43:25,250 INFO  [Log] **************************************************************************************** 
2017-11-19 18:43:25,250 INFO  [Log] $$$$$$$$$$$$$$$$$$$$$                 Login_01       $$$$$$$$$$$$$$$$$$$$$$$$$ 
2017-11-19 18:43:25,250 INFO  [Log] **************************************************************************************** 
2017-11-19 18:43:25,250 INFO  [Log] **************************************************************************************** 
2017-11-19 18:43:25,251 INFO  [Log] Opening Browser 
2017-11-19 18:44:06,445 INFO  [Log] **************************************************************************************** 
2017-11-19 18:44:06,445 INFO  [Log] **************************************************************************************** 
2017-11-19 18:44:06,445 INFO  [Log] $$$$$$$$$$$$$$$$$$$$$                 Login_01       $$$$$$$$$$$$$$$$$$$$$$$$$ 
2017-11-19 18:44:06,448 INFO  [Log] **************************************************************************************** 
2017-11-19 18:44:06,448 INFO  [Log] **************************************************************************************** 
2017-11-19 18:44:06,450 INFO  [Log] Opening Browser 
2017-11-19 18:45:06,907 INFO  [Log] **************************************************************************************** 
2017-11-19 18:45:06,907 INFO  [Log] **************************************************************************************** 
2017-11-19 18:45:06,907 INFO  [Log] $$$$$$$$$$$$$$$$$$$$$                 Login_01       $$$$$$$$$$$$$$$$$$$$$$$$$ 
2017-11-19 18:45:06,908 INFO  [Log] **************************************************************************************** 
2017-11-19 18:45:06,908 INFO  [Log] **************************************************************************************** 
2017-11-19 18:45:06,909 INFO  [Log] Opening Browser 
2017-11-19 18:45:52,308 INFO  [Log] **************************************************************************************** 
2017-11-19 18:45:52,309 INFO  [Log] **************************************************************************************** 
2017-11-19 18:45:52,309 INFO  [Log] $$$$$$$$$$$$$$$$$$$$$                 Login_01       $$$$$$$$$$$$$$$$$$$$$$$$$ 
2017-11-19 18:45:52,309 INFO  [Log] **************************************************************************************** 
2017-11-19 18:45:52,309 INFO  [Log] **************************************************************************************** 
2017-11-19 18:45:52,310 INFO  [Log] Opening Browser 
2017-11-19 18:47:06,803 INFO  [Log] **************************************************************************************** 
2017-11-19 18:47:06,803 INFO  [Log] **************************************************************************************** 
2017-11-19 18:47:06,803 INFO  [Log] $$$$$$$$$$$$$$$$$$$$$                 Login_01       $$$$$$$$$$$$$$$$$$$$$$$$$ 
2017-11-19 18:47:06,804 INFO  [Log] **************************************************************************************** 
2017-11-19 18:47:06,804 INFO  [Log] **************************************************************************************** 
2017-11-19 18:47:06,805 INFO  [Log] Opening Browser 
2017-11-19 18:54:05,688 INFO  [Log] **************************************************************************************** 
2017-11-19 18:54:05,688 INFO  [Log] **************************************************************************************** 
2017-11-19 18:54:05,690 INFO  [Log] $$$$$$$$$$$$$$$$$$$$$                 Login_01       $$$$$$$$$$$$$$$$$$$$$$$$$ 
2017-11-19 18:54:05,690 INFO  [Log] **************************************************************************************** 
2017-11-19 18:54:05,691 INFO  [Log] **************************************************************************************** 
2017-11-19 18:54:05,692 INFO  [Log] Opening Browser 
2017-11-19 18:57:03,970 INFO  [Log] **************************************************************************************** 
2017-11-19 18:57:03,971 INFO  [Log] **************************************************************************************** 
2017-11-19 18:57:03,972 INFO  [Log] $$$$$$$$$$$$$$$$$$$$$                 Login_01       $$$$$$$$$$$$$$$$$$$$$$$$$ 
2017-11-19 18:57:03,972 INFO  [Log] **************************************************************************************** 
2017-11-19 18:57:03,972 INFO  [Log] **************************************************************************************** 
2017-11-19 18:57:03,973 INFO  [Log] Opening Browser 
2017-11-19 19:02:07,856 INFO  [Log] **************************************************************************************** 
2017-11-19 19:02:07,856 INFO  [Log] **************************************************************************************** 
2017-11-19 19:02:07,857 INFO  [Log] $$$$$$$$$$$$$$$$$$$$$                 Login_01       $$$$$$$$$$$$$$$$$$$$$$$$$ 
2017-11-19 19:02:07,857 INFO  [Log] **************************************************************************************** 
2017-11-19 19:02:07,857 INFO  [Log] **************************************************************************************** 
2017-11-19 19:02:07,858 INFO  [Log] Opening Browser 
2017-11-19 19:02:14,744 INFO  [Log] Navigating to URL 
2017-11-19 19:02:17,066 INFO  [Log] Clicking on Webelement txtBox_Email 
2017-11-19 19:02:17,926 INFO  [Log] Entering the text in UserName 
2017-11-19 19:02:18,009 INFO  [Log] Entering the text in Password 
2017-11-19 19:02:18,079 INFO  [Log] Clicking on Webelement btn_Login 
2017-11-19 19:02:21,028 INFO  [Log] Wait for 5 seconds 
2017-11-19 19:02:26,030 INFO  [Log] Click on Account Settings 
2017-11-19 19:02:26,358 INFO  [Log] ClickLogout 
2017-11-19 19:02:27,408 INFO  [Log] Closing the browser 
2017-11-19 19:02:27,736 INFO  [Log] XXXXXXXXXXXXXXXXXXXXXXX             -E---N---D-             XXXXXXXXXXXXXXXXXXXXXX 
2017-11-19 19:02:27,736 INFO  [Log] X 
2017-11-19 19:02:27,736 INFO  [Log] X 
2017-11-19 19:02:27,736 INFO  [Log] X 
2017-11-19 19:02:27,736 INFO  [Log] X 
2017-11-19 19:46:49,737 INFO  [Log] **************************************************************************************** 
2017-11-19 19:46:49,737 INFO  [Log] **************************************************************************************** 
2017-11-19 19:46:49,738 INFO  [Log] $$$$$$$$$$$$$$$$$$$$$                 Login_01       $$$$$$$$$$$$$$$$$$$$$$$$$ 
2017-11-19 19:46:49,738 INFO  [Log] **************************************************************************************** 
2017-11-19 19:46:49,738 INFO  [Log] **************************************************************************************** 
2017-11-19 19:46:49,739 INFO  [Log] Opening Browser 
2017-11-19 19:46:55,196 INFO  [Log] Navigating to URL 
2017-11-19 19:46:57,300 INFO  [Log] Clicking on Webelement txtBox_Email 
2017-11-19 19:46:58,129 INFO  [Log] Entering the text in UserName 
2017-11-19 19:46:58,203 INFO  [Log] Entering the text in Password 
2017-11-19 19:46:58,251 INFO  [Log] Clicking on Webelement btn_Login 
2017-11-19 19:47:00,963 INFO  [Log] Wait for 5 seconds 
2017-11-19 19:47:05,968 INFO  [Log] Click on Account Settings 
2017-11-19 19:47:06,310 INFO  [Log] ClickLogout 
2017-11-19 19:47:07,585 INFO  [Log] Closing the browser 
2017-11-19 19:47:07,984 INFO  [Log] XXXXXXXXXXXXXXXXXXXXXXX             -E---N---D-             XXXXXXXXXXXXXXXXXXXXXX 
2017-11-19 19:47:07,984 INFO  [Log] X 
2017-11-19 19:47:07,984 INFO  [Log] X 
2017-11-19 19:47:07,984 INFO  [Log] X 
2017-11-19 19:47:07,984 INFO  [Log] X 
2017-11-19 20:02:16,164 ERROR [Log] Class Utils | Method getCellData | Exception desc : null 
2017-11-19 20:02:16,164 INFO  [Log] **************************************************************************************** 
2017-11-19 20:02:16,164 INFO  [Log] **************************************************************************************** 
2017-11-19 20:02:16,167 INFO  [Log] $$$$$$$$$$$$$$$$$$$$$                 Login_01       $$$$$$$$$$$$$$$$$$$$$$$$$ 
2017-11-19 20:02:16,167 INFO  [Log] **************************************************************************************** 
2017-11-19 20:02:16,167 INFO  [Log] **************************************************************************************** 
2017-11-19 20:02:16,168 INFO  [Log] Opening Browser 
2017-11-19 20:02:21,955 INFO  [Log] Navigating to URL 
2017-11-19 20:02:23,960 INFO  [Log] Clicking on Webelement txtBox_Email 
2017-11-19 20:02:24,801 INFO  [Log] Entering the text in UserName 
2017-11-19 20:02:24,891 INFO  [Log] Entering the text in Password 
2017-11-19 20:02:24,943 INFO  [Log] Clicking on Webelement btn_Login 
2017-11-19 20:02:27,365 INFO  [Log] Wait for 5 seconds 
2017-11-19 20:02:32,368 INFO  [Log] Click on Account Settings 
2017-11-19 20:02:32,703 INFO  [Log] ClickLogout 
2017-11-19 20:02:33,922 INFO  [Log] Closing the browser 
2017-11-19 20:02:34,408 ERROR [Log] Class Utils | Method getCellData | Exception desc : null 
2017-11-19 20:02:34,408 ERROR [Log] Class Utils | Method getCellData | Exception desc : null 
2017-11-19 20:02:34,408 INFO  [Log] XXXXXXXXXXXXXXXXXXXXXXX             -E---N---D-             XXXXXXXXXXXXXXXXXXXXXX 
2017-11-19 20:02:34,408 INFO  [Log] X 
2017-11-19 20:02:34,409 INFO  [Log] X 
2017-11-19 20:02:34,409 INFO  [Log] X 
2017-11-19 20:02:34,409 INFO  [Log] X 
2017-11-19 20:02:34,409 ERROR [Log] Class Utils | Method getCellData | Exception desc : null 
2017-11-19 20:02:34,409 ERROR [Log] Class Utils | Method getCellData | Exception desc : null 
2017-11-19 21:09:59,075 ERROR [Log] Class Utils | Method getCellData | Exception desc : null 
2017-11-19 21:09:59,075 INFO  [Log] **************************************************************************************** 
2017-11-19 21:09:59,075 INFO  [Log] **************************************************************************************** 
2017-11-19 21:09:59,075 INFO  [Log] $$$$$$$$$$$$$$$$$$$$$                 Login_01       $$$$$$$$$$$$$$$$$$$$$$$$$ 
2017-11-19 21:09:59,075 INFO  [Log] **************************************************************************************** 
2017-11-19 21:09:59,075 INFO  [Log] **************************************************************************************** 
2017-11-19 21:09:59,076 INFO  [Log] Opening Browser 
2017-11-19 21:10:06,171 INFO  [Log] XXXXXXXXXXXXXXXXXXXXXXX             -E---N---D-             XXXXXXXXXXXXXXXXXXXXXX 
2017-11-19 21:10:06,171 INFO  [Log] X 
2017-11-19 21:10:06,171 INFO  [Log] X 
2017-11-19 21:10:06,171 INFO  [Log] X 
2017-11-19 21:10:06,171 INFO  [Log] X 
2017-11-19 21:11:21,767 ERROR [Log] Class Utils | Method getCellData | Exception desc : null 
2017-11-19 21:11:21,768 INFO  [Log] **************************************************************************************** 
2017-11-19 21:11:21,768 INFO  [Log] **************************************************************************************** 
2017-11-19 21:11:21,768 INFO  [Log] $$$$$$$$$$$$$$$$$$$$$                 Login_01       $$$$$$$$$$$$$$$$$$$$$$$$$ 
2017-11-19 21:11:21,768 INFO  [Log] **************************************************************************************** 
2017-11-19 21:11:21,768 INFO  [Log] **************************************************************************************** 
2017-11-19 21:11:21,769 INFO  [Log] Opening Browser 
2017-11-19 21:11:26,584 INFO  [Log] Navigating to URL 
2017-11-19 21:11:28,528 INFO  [Log] Clicking on Webelement txtBox_Email 
2017-11-19 21:11:29,152 INFO  [Log] Entering the text in UserName 
2017-11-19 21:11:29,209 INFO  [Log] Entering the text in Password 
2017-11-19 21:11:29,255 INFO  [Log] Clicking on Webelement btn_Login 
2017-11-19 21:11:31,687 INFO  [Log] Wait for 5 seconds 
2017-11-19 21:11:36,688 INFO  [Log] Click on Account Settings 
2017-11-19 21:11:36,981 INFO  [Log] ClickLogout 
2017-11-19 21:11:38,077 INFO  [Log] Closing the browser 
2017-11-19 21:11:38,542 ERROR [Log] Class Utils | Method getCellData | Exception desc : null 
2017-11-19 21:11:38,542 ERROR [Log] Class Utils | Method getCellData | Exception desc : null 
2017-11-19 21:11:38,543 INFO  [Log] XXXXXXXXXXXXXXXXXXXXXXX             -E---N---D-             XXXXXXXXXXXXXXXXXXXXXX 
2017-11-19 21:11:38,543 INFO  [Log] X 
2017-11-19 21:11:38,543 INFO  [Log] X 
2017-11-19 21:11:38,543 INFO  [Log] X 
2017-11-19 21:11:38,543 INFO  [Log] X 
2017-11-19 21:11:38,543 ERROR [Log] Class Utils | Method getCellData | Exception desc : null 
2017-11-19 21:11:38,544 ERROR [Log] Class Utils | Method getCellData | Exception desc : null 
2017-11-19 21:18:34,128 ERROR [Log] Class Utils | Method getCellData | Exception desc : null 
2017-11-19 21:18:34,129 INFO  [Log] **************************************************************************************** 
2017-11-19 21:18:34,129 INFO  [Log] **************************************************************************************** 
2017-11-19 21:18:34,129 INFO  [Log] $$$$$$$$$$$$$$$$$$$$$                 Login_01       $$$$$$$$$$$$$$$$$$$$$$$$$ 
2017-11-19 21:18:34,129 INFO  [Log] **************************************************************************************** 
2017-11-19 21:18:34,129 INFO  [Log] **************************************************************************************** 
2017-11-19 21:18:34,130 INFO  [Log] Opening Browser 
2017-11-19 21:18:39,508 INFO  [Log] XXXXXXXXXXXXXXXXXXXXXXX             -E---N---D-             XXXXXXXXXXXXXXXXXXXXXX 
2017-11-19 21:18:39,508 INFO  [Log] X 
2017-11-19 21:18:39,508 INFO  [Log] X 
2017-11-19 21:18:39,508 INFO  [Log] X 
2017-11-19 21:18:39,508 INFO  [Log] X 
2017-11-19 21:18:39,508 ERROR [Log] Class Utils | Method getCellData | Exception desc : null 
2017-11-19 21:18:39,508 ERROR [Log] Class Utils | Method getCellData | Exception desc : null 
2017-11-19 21:19:26,192 ERROR [Log] Class Utils | Method getCellData | Exception desc : null 
2017-11-19 21:19:26,192 INFO  [Log] **************************************************************************************** 
2017-11-19 21:19:26,192 INFO  [Log] **************************************************************************************** 
2017-11-19 21:19:26,192 INFO  [Log] $$$$$$$$$$$$$$$$$$$$$                 Login_01       $$$$$$$$$$$$$$$$$$$$$$$$$ 
2017-11-19 21:19:26,192 INFO  [Log] **************************************************************************************** 
2017-11-19 21:19:26,192 INFO  [Log] **************************************************************************************** 
2017-11-19 21:19:26,193 INFO  [Log] Opening Browser 
2017-11-19 21:19:31,830 INFO  [Log] Navigating to URL 
2017-11-19 21:19:34,205 INFO  [Log] Clicking on Webelement txtBox_Email 
2017-11-19 21:19:35,196 INFO  [Log] Entering the text in UserName 
2017-11-19 21:19:35,397 INFO  [Log] Entering the text in Password 
2017-11-19 21:19:35,552 INFO  [Log] Clicking on Webelement btn_Login 
2017-11-19 21:19:37,749 INFO  [Log] Wait for 5 seconds 
2017-11-19 21:19:42,810 INFO  [Log] Click on Account Settings 
2017-11-19 21:19:43,156 INFO  [Log] ClickLogout 
2017-11-19 21:19:44,262 INFO  [Log] Closing the browser 
2017-11-19 21:19:44,672 ERROR [Log] Class Utils | Method getCellData | Exception desc : null 
2017-11-19 21:19:44,672 ERROR [Log] Class Utils | Method getCellData | Exception desc : null 
2017-11-19 21:19:44,701 INFO  [Log] XXXXXXXXXXXXXXXXXXXXXXX             -E---N---D-             XXXXXXXXXXXXXXXXXXXXXX 
2017-11-19 21:19:44,701 INFO  [Log] X 
2017-11-19 21:19:44,701 INFO  [Log] X 
2017-11-19 21:19:44,701 INFO  [Log] X 
2017-11-19 21:19:44,701 INFO  [Log] X 
2017-11-19 21:19:44,701 ERROR [Log] Class Utils | Method getCellData | Exception desc : null 
2017-11-19 21:19:44,701 ERROR [Log] Class Utils | Method getCellData | Exception desc : null 
2017-11-19 21:32:41,164 ERROR [Log] Class Utils | Method getCellData | Exception desc : null 
2017-11-19 21:32:41,164 INFO  [Log] **************************************************************************************** 
2017-11-19 21:32:41,164 INFO  [Log] **************************************************************************************** 
2017-11-19 21:32:41,164 INFO  [Log] $$$$$$$$$$$$$$$$$$$$$                 Login_01       $$$$$$$$$$$$$$$$$$$$$$$$$ 
2017-11-19 21:32:41,164 INFO  [Log] **************************************************************************************** 
2017-11-19 21:32:41,164 INFO  [Log] **************************************************************************************** 
2017-11-19 21:32:41,165 INFO  [Log] Opening Browser 
2017-11-19 21:32:46,087 INFO  [Log] Mozilla browser started 
2017-11-19 21:32:46,099 INFO  [Log] XXXXXXXXXXXXXXXXXXXXXXX             -E---N---D-             XXXXXXXXXXXXXXXXXXXXXX 
2017-11-19 21:32:46,099 INFO  [Log] X 
2017-11-19 21:32:46,099 INFO  [Log] X 
2017-11-19 21:32:46,099 INFO  [Log] X 
2017-11-19 21:32:46,099 INFO  [Log] X 
2017-11-19 21:32:46,099 ERROR [Log] Class Utils | Method getCellData | Exception desc : null 
2017-11-19 21:32:46,099 ERROR [Log] Class Utils | Method getCellData | Exception desc : null 
2017-11-19 21:32:59,189 ERROR [Log] Class Utils | Method getCellData | Exception desc : null 
2017-11-19 21:32:59,190 INFO  [Log] **************************************************************************************** 
2017-11-19 21:32:59,190 INFO  [Log] **************************************************************************************** 
2017-11-19 21:32:59,190 INFO  [Log] $$$$$$$$$$$$$$$$$$$$$                 Login_01       $$$$$$$$$$$$$$$$$$$$$$$$$ 
2017-11-19 21:32:59,190 INFO  [Log] **************************************************************************************** 
2017-11-19 21:32:59,190 INFO  [Log] **************************************************************************************** 
2017-11-19 21:32:59,191 INFO  [Log] Opening Browser 
2017-11-19 21:33:04,549 INFO  [Log] Mozilla browser started 
2017-11-19 21:33:04,682 INFO  [Log] Navigating to URL 
2017-11-19 21:33:06,763 INFO  [Log] Clicking on Webelement txtBox_Email 
2017-11-19 21:33:08,026 INFO  [Log] Entering the text in UserName 
2017-11-19 21:33:08,143 INFO  [Log] Entering the text in Password 
2017-11-19 21:33:08,263 INFO  [Log] Clicking on Webelement btn_Login 
2017-11-19 21:33:10,511 INFO  [Log] Wait for 5 seconds 
2017-11-19 21:33:15,568 INFO  [Log] Click on Account Settings 
2017-11-19 21:33:15,970 INFO  [Log] ClickLogout 
2017-11-19 21:33:17,087 INFO  [Log] Closing the browser 
2017-11-19 21:33:17,589 ERROR [Log] Class Utils | Method getCellData | Exception desc : null 
2017-11-19 21:33:17,589 ERROR [Log] Class Utils | Method getCellData | Exception desc : null 
2017-11-19 21:33:17,589 ERROR [Log] Class Utils | Method getCellData | Exception desc : null 
2017-11-19 21:33:17,615 INFO  [Log] XXXXXXXXXXXXXXXXXXXXXXX             -E---N---D-             XXXXXXXXXXXXXXXXXXXXXX 
2017-11-19 21:33:17,615 INFO  [Log] X 
2017-11-19 21:33:17,615 INFO  [Log] X 
2017-11-19 21:33:17,615 INFO  [Log] X 
2017-11-19 21:33:17,615 INFO  [Log] X 
2017-11-19 21:33:17,616 ERROR [Log] Class Utils | Method getCellData | Exception desc : null 
2017-11-19 21:33:17,616 ERROR [Log] Class Utils | Method getCellData | Exception desc : null 
2017-11-21 05:45:38,622 ERROR [Log] Class Utils | Method getCellData | Exception desc : null 
2017-11-21 05:45:38,622 INFO  [Log] **************************************************************************************** 
2017-11-21 05:45:38,622 INFO  [Log] **************************************************************************************** 
2017-11-21 05:45:38,622 INFO  [Log] $$$$$$$$$$$$$$$$$$$$$                 Login_01       $$$$$$$$$$$$$$$$$$$$$$$$$ 
2017-11-21 05:45:38,622 INFO  [Log] **************************************************************************************** 
2017-11-21 05:45:38,622 INFO  [Log] **************************************************************************************** 
2017-11-21 05:45:38,622 INFO  [Log] Opening Browser 
2017-11-21 05:45:38,669 INFO  [Log] Not able to open the Browser --- The driver executable does not exist: C:\DEV\chromedriver\chromedriver 
2017-11-21 05:45:38,763 INFO  [Log] Closing the browser 
2017-11-21 05:45:38,763 INFO  [Log] Not able to close the browser --- null 
2017-11-21 05:45:38,825 INFO  [Log] XXXXXXXXXXXXXXXXXXXXXXX             -E---N---D-             XXXXXXXXXXXXXXXXXXXXXX 
2017-11-21 05:45:38,825 INFO  [Log] X 
2017-11-21 05:45:38,825 INFO  [Log] X 
2017-11-21 05:45:38,825 INFO  [Log] X 
2017-11-21 05:45:38,841 INFO  [Log] X 
2017-11-21 05:45:38,841 ERROR [Log] Class Utils | Method getCellData | Exception desc : null 
2017-11-21 05:45:38,841 ERROR [Log] Class Utils | Method getCellData | Exception desc : null 
2017-11-21 05:47:12,330 ERROR [Log] Class Utils | Method getCellData | Exception desc : null 
2017-11-21 05:47:12,330 INFO  [Log] **************************************************************************************** 
2017-11-21 05:47:12,330 INFO  [Log] **************************************************************************************** 
2017-11-21 05:47:12,330 INFO  [Log] $$$$$$$$$$$$$$$$$$$$$                 Login_01       $$$$$$$$$$$$$$$$$$$$$$$$$ 
2017-11-21 05:47:12,330 INFO  [Log] **************************************************************************************** 
2017-11-21 05:47:12,330 INFO  [Log] **************************************************************************************** 
2017-11-21 05:47:12,330 INFO  [Log] Opening Browser 
2017-11-21 05:47:14,687 INFO  [Log] Chrome browser started 
2017-11-21 05:47:14,843 INFO  [Log] Navigating to URL 
2017-11-21 05:47:16,750 INFO  [Log] Clicking on Webelement txtBox_Email 
2017-11-21 05:47:17,676 INFO  [Log] Entering the text in UserName 
2017-11-21 05:47:17,833 INFO  [Log] Entering the text in Password 
2017-11-21 05:47:17,955 INFO  [Log] Clicking on Webelement btn_Login 
2017-11-21 05:47:20,362 INFO  [Log] Wait for 5 seconds 
2017-11-21 05:47:25,403 INFO  [Log] Click on Account Settings 
2017-11-21 05:47:25,608 INFO  [Log] ClickLogout 
2017-11-21 05:47:26,845 INFO  [Log] Closing the browser 
2017-11-21 05:47:27,591 ERROR [Log] Class Utils | Method getCellData | Exception desc : null 
2017-11-21 05:47:27,591 ERROR [Log] Class Utils | Method getCellData | Exception desc : null 
2017-11-21 05:47:27,591 ERROR [Log] Class Utils | Method getCellData | Exception desc : null 
2017-11-21 05:47:27,622 INFO  [Log] XXXXXXXXXXXXXXXXXXXXXXX             -E---N---D-             XXXXXXXXXXXXXXXXXXXXXX 
2017-11-21 05:47:27,622 INFO  [Log] X 
2017-11-21 05:47:27,622 INFO  [Log] X 
2017-11-21 05:47:27,622 INFO  [Log] X 
2017-11-21 05:47:27,622 INFO  [Log] X 
2017-11-21 05:47:27,622 ERROR [Log] Class Utils | Method getCellData | Exception desc : null 
2017-11-21 05:47:27,622 ERROR [Log] Class Utils | Method getCellData | Exception desc : null 
2017-11-21 05:52:46,741 ERROR [Log] Class Utils | Method getCellData | Exception desc : null 
2017-11-21 05:52:46,741 INFO  [Log] **************************************************************************************** 
2017-11-21 05:52:46,741 INFO  [Log] **************************************************************************************** 
2017-11-21 05:52:46,741 INFO  [Log] $$$$$$$$$$$$$$$$$$$$$                 Login_01       $$$$$$$$$$$$$$$$$$$$$$$$$ 
2017-11-21 05:52:46,741 INFO  [Log] **************************************************************************************** 
2017-11-21 05:52:46,741 INFO  [Log] **************************************************************************************** 
2017-11-21 05:52:46,741 INFO  [Log] Opening Browser 
2017-11-21 05:52:48,576 INFO  [Log] IE browser started 
2017-11-21 05:52:48,780 INFO  [Log] Navigating to URL 
2017-11-21 05:52:49,288 INFO  [Log] Clicking on Webelement txtBox_Email 
2017-11-21 05:52:49,524 INFO  [Log] Entering the text in UserName 
2017-11-21 05:52:50,005 INFO  [Log] Entering the text in Password 
2017-11-21 05:52:50,114 INFO  [Log] Clicking on Webelement btn_Login 
2017-11-21 05:52:50,385 INFO  [Log] Wait for 5 seconds 
2017-11-21 05:52:55,430 INFO  [Log] Click on Account Settings 
2017-11-21 05:52:55,593 INFO  [Log] ClickLogout 
2017-11-21 05:53:05,678 INFO  [Log] Not able to click logout --- No such element (WARNING: The server did not provide any stacktrace information)
Command duration or timeout: 0 milliseconds
For documentation on this error, please visit: http://seleniumhq.org/exceptions/no_such_element.html
Build info: version: '3.7.1', revision: '8a0099a', time: '2017-11-06T21:07:31.527Z'
System info: host: 'NITZZZLAPPY', ip: '192.168.1.11', os.name: 'Windows 10', os.arch: 'amd64', os.version: '10.0', java.version: '1.8.0_151'
Driver info: org.openqa.selenium.edge.EdgeDriver
Capabilities {InPrivate: false, acceptSslCerts: true, applicationCacheEnabled: true, browserName: MicrosoftEdge, browserVersion: 41.16299.15.0, javascriptEnabled: true, locationContextEnabled: true, pageLoadStrategy: normal, platform: WINDOWS, platformName: WINDOWS, platformVersion: 10, takesElementScreenshot: true, takesScreenshot: true, webStorageEnabled: true}
Session ID: 372273AE-F2C1-4B0C-8D70-1AC27E55BB28
*** Element info: {Using=link text, value=Log Out} 
2017-11-21 05:53:05,741 INFO  [Log] Closing the browser 
2017-11-21 05:53:08,607 INFO  [Log] XXXXXXXXXXXXXXXXXXXXXXX             -E---N---D-             XXXXXXXXXXXXXXXXXXXXXX 
2017-11-21 05:53:08,607 INFO  [Log] X 
2017-11-21 05:53:08,607 INFO  [Log] X 
2017-11-21 05:53:08,607 INFO  [Log] X 
2017-11-21 05:53:08,607 INFO  [Log] X 
2017-11-21 05:53:08,607 ERROR [Log] Class Utils | Method getCellData | Exception desc : null 
2017-11-21 05:53:08,607 ERROR [Log] Class Utils | Method getCellData | Exception desc : null 
2017-11-21 05:54:01,931 ERROR [Log] Class Utils | Method getCellData | Exception desc : null 
2017-11-21 05:54:01,931 INFO  [Log] **************************************************************************************** 
2017-11-21 05:54:01,931 INFO  [Log] **************************************************************************************** 
2017-11-21 05:54:01,931 INFO  [Log] $$$$$$$$$$$$$$$$$$$$$                 Login_01       $$$$$$$$$$$$$$$$$$$$$$$$$ 
2017-11-21 05:54:01,931 INFO  [Log] **************************************************************************************** 
2017-11-21 05:54:01,931 INFO  [Log] **************************************************************************************** 
2017-11-21 05:54:01,931 INFO  [Log] Opening Browser 
2017-11-21 05:54:03,549 INFO  [Log] IE browser started 
2017-11-21 05:54:03,736 INFO  [Log] Navigating to URL 
2017-11-21 05:54:05,455 INFO  [Log] Clicking on Webelement txtBox_Email 
2017-11-21 05:54:15,479 INFO  [Log] Not able to click txtBox_Email --- No such element (WARNING: The server did not provide any stacktrace information)
Command duration or timeout: 0 milliseconds
For documentation on this error, please visit: http://seleniumhq.org/exceptions/no_such_element.html
Build info: version: '3.7.1', revision: '8a0099a', time: '2017-11-06T21:07:31.527Z'
System info: host: 'NITZZZLAPPY', ip: '192.168.1.11', os.name: 'Windows 10', os.arch: 'amd64', os.version: '10.0', java.version: '1.8.0_151'
Driver info: org.openqa.selenium.edge.EdgeDriver
Capabilities {InPrivate: false, acceptSslCerts: true, applicationCacheEnabled: true, browserName: MicrosoftEdge, browserVersion: 41.16299.15.0, javascriptEnabled: true, locationContextEnabled: true, pageLoadStrategy: normal, platform: WINDOWS, platformName: WINDOWS, platformVersion: 10, takesElementScreenshot: true, takesScreenshot: true, webStorageEnabled: true}
Session ID: 23AA2F98-3A7F-455F-B50C-F980B655CAB0
*** Element info: {Using=xpath, value=.//*[@id='email']} 
2017-11-21 05:54:15,565 INFO  [Log] Closing the browser 
2017-11-21 05:54:18,501 INFO  [Log] XXXXXXXXXXXXXXXXXXXXXXX             -E---N---D-             XXXXXXXXXXXXXXXXXXXXXX 
2017-11-21 05:54:18,501 INFO  [Log] X 
2017-11-21 05:54:18,501 INFO  [Log] X 
2017-11-21 05:54:18,501 INFO  [Log] X 
2017-11-21 05:54:18,501 INFO  [Log] X 
2017-11-21 05:54:18,501 ERROR [Log] Class Utils | Method getCellData | Exception desc : null 
2017-11-21 05:54:18,501 ERROR [Log] Class Utils | Method getCellData | Exception desc : null 
2017-11-21 05:54:22,069 ERROR [Log] Class Utils | Method getCellData | Exception desc : null 
2017-11-21 05:54:22,069 INFO  [Log] **************************************************************************************** 
2017-11-21 05:54:22,069 INFO  [Log] **************************************************************************************** 
2017-11-21 05:54:22,069 INFO  [Log] $$$$$$$$$$$$$$$$$$$$$                 Login_01       $$$$$$$$$$$$$$$$$$$$$$$$$ 
2017-11-21 05:54:22,069 INFO  [Log] **************************************************************************************** 
2017-11-21 05:54:22,069 INFO  [Log] **************************************************************************************** 
2017-11-21 05:54:22,069 INFO  [Log] Opening Browser 
2017-11-21 05:54:23,625 INFO  [Log] IE browser started 
2017-11-21 05:54:23,828 INFO  [Log] Navigating to URL 
2017-11-21 05:54:25,254 INFO  [Log] Clicking on Webelement txtBox_Email 
